1539694722.638751 client started (16726): version master, socket /tmp/tmux-1000/default, protocol 8
1539694722.638813 on Linux 4.15.0-34-generic #37-Ubuntu SMP Mon Aug 27 15:21:48 UTC 2018; libevent 2.0.21-stable (poll)
1539694722.638852 socket is /tmp/tmux-1000/default
1539694722.638868 trying connect
1539694722.638989 add peer 0xc82940: 6 ((nil))
1539694722.639118 sending message 100 to peer 0xc82940 (4 bytes)
1539694722.639139 sending message 101 to peer 0xc82940 (15 bytes)
1539694722.639148 sending message 102 to peer 0xc82940 (11 bytes)
1539694722.639155 sending message 108 to peer 0xc82940 (52 bytes)
1539694722.639165 sending message 104 to peer 0xc82940 (0 bytes)
1539694722.639173 sending message 107 to peer 0xc82940 (4 bytes)
1539694722.639181 sending message 105 to peer 0xc82940 (22 bytes)
1539694722.639189 sending message 105 to peer 0xc82940 (1516 bytes)
1539694722.639211 sending message 105 to peer 0xc82940 (28 bytes)
1539694722.639219 sending message 105 to peer 0xc82940 (27 bytes)
1539694722.639226 sending message 105 to peer 0xc82940 (147 bytes)
1539694722.639233 sending message 105 to peer 0xc82940 (34 bytes)
1539694722.639240 sending message 105 to peer 0xc82940 (21 bytes)
1539694722.639247 sending message 105 to peer 0xc82940 (24 bytes)
1539694722.639254 sending message 105 to peer 0xc82940 (23 bytes)
1539694722.639263 sending message 105 to peer 0xc82940 (17 bytes)
1539694722.639270 sending message 105 to peer 0xc82940 (11 bytes)
1539694722.639277 sending message 105 to peer 0xc82940 (41 bytes)
1539694722.639284 sending message 105 to peer 0xc82940 (44 bytes)
1539694722.639290 sending message 105 to peer 0xc82940 (47 bytes)
1539694722.639297 sending message 105 to peer 0xc82940 (32 bytes)
1539694722.639304 sending message 105 to peer 0xc82940 (23 bytes)
1539694722.639311 sending message 105 to peer 0xc82940 (31 bytes)
1539694722.639318 sending message 105 to peer 0xc82940 (20 bytes)
1539694722.639324 sending message 105 to peer 0xc82940 (69 bytes)
1539694722.639331 sending message 105 to peer 0xc82940 (18 bytes)
1539694722.639338 sending message 105 to peer 0xc82940 (11 bytes)
1539694722.639345 sending message 105 to peer 0xc82940 (18 bytes)
1539694722.639351 sending message 105 to peer 0xc82940 (41 bytes)
1539694722.639358 sending message 105 to peer 0xc82940 (44 bytes)
1539694722.639365 sending message 105 to peer 0xc82940 (54 bytes)
1539694722.639372 sending message 105 to peer 0xc82940 (14 bytes)
1539694722.639378 sending message 105 to peer 0xc82940 (55 bytes)
1539694722.639385 sending message 105 to peer 0xc82940 (20 bytes)
1539694722.639392 sending message 105 to peer 0xc82940 (17 bytes)
1539694722.639399 sending message 105 to peer 0xc82940 (14 bytes)
1539694722.639405 sending message 105 to peer 0xc82940 (51 bytes)
1539694722.639412 sending message 105 to peer 0xc82940 (37 bytes)
1539694722.639419 sending message 105 to peer 0xc82940 (23 bytes)
1539694722.639426 sending message 105 to peer 0xc82940 (17 bytes)
1539694722.639433 sending message 105 to peer 0xc82940 (66 bytes)
1539694722.639439 sending message 105 to peer 0xc82940 (18 bytes)
1539694722.639446 sending message 105 to peer 0xc82940 (33 bytes)
1539694722.639453 sending message 105 to peer 0xc82940 (86 bytes)
1539694722.639460 sending message 105 to peer 0xc82940 (51 bytes)
1539694722.639467 sending message 105 to peer 0xc82940 (33 bytes)
1539694722.639473 sending message 105 to peer 0xc82940 (56 bytes)
1539694722.639480 sending message 105 to peer 0xc82940 (20 bytes)
1539694722.639487 sending message 105 to peer 0xc82940 (36 bytes)
1539694722.639494 sending message 105 to peer 0xc82940 (21 bytes)
1539694722.639501 sending message 105 to peer 0xc82940 (49 bytes)
1539694722.639507 sending message 105 to peer 0xc82940 (19 bytes)
1539694722.639514 sending message 105 to peer 0xc82940 (19 bytes)
1539694722.639521 sending message 105 to peer 0xc82940 (36 bytes)
1539694722.639528 sending message 105 to peer 0xc82940 (21 bytes)
1539694722.639535 sending message 105 to peer 0xc82940 (46 bytes)
1539694722.639542 sending message 105 to peer 0xc82940 (106 bytes)
1539694722.639560 sending message 105 to peer 0xc82940 (90 bytes)
1539694722.639567 sending message 105 to peer 0xc82940 (35 bytes)
1539694722.639574 sending message 105 to peer 0xc82940 (143 bytes)
1539694722.639581 sending message 105 to peer 0xc82940 (27 bytes)
1539694722.639588 sending message 105 to peer 0xc82940 (23 bytes)
1539694722.639595 sending message 105 to peer 0xc82940 (23 bytes)
1539694722.639602 sending message 105 to peer 0xc82940 (49 bytes)
1539694722.639608 sending message 105 to peer 0xc82940 (23 bytes)
1539694722.639615 sending message 105 to peer 0xc82940 (28 bytes)
1539694722.639622 sending message 105 to peer 0xc82940 (13 bytes)
1539694722.639629 sending message 105 to peer 0xc82940 (17 bytes)
1539694722.639635 sending message 105 to peer 0xc82940 (20 bytes)
1539694722.639642 sending message 105 to peer 0xc82940 (16 bytes)
1539694722.639649 sending message 105 to peer 0xc82940 (75 bytes)
1539694722.639656 sending message 105 to peer 0xc82940 (18 bytes)
1539694722.639662 sending message 105 to peer 0xc82940 (20 bytes)
1539694722.639669 sending message 105 to peer 0xc82940 (18 bytes)
1539694722.639676 sending message 105 to peer 0xc82940 (33 bytes)
1539694722.639683 sending message 105 to peer 0xc82940 (52 bytes)
1539694722.639690 sending message 105 to peer 0xc82940 (72 bytes)
1539694722.639697 sending message 105 to peer 0xc82940 (30 bytes)
1539694722.639704 sending message 105 to peer 0xc82940 (30 bytes)
1539694722.639711 sending message 105 to peer 0xc82940 (14 bytes)
1539694722.639718 sending message 105 to peer 0xc82940 (15 bytes)
1539694722.639725 sending message 105 to peer 0xc82940 (8 bytes)
1539694722.639731 sending message 105 to peer 0xc82940 (74 bytes)
1539694722.639739 sending message 105 to peer 0xc82940 (1752 bytes)
1539694722.639749 sending message 105 to peer 0xc82940 (25 bytes)
1539694722.639756 sending message 105 to peer 0xc82940 (25 bytes)
1539694722.639763 sending message 105 to peer 0xc82940 (18 bytes)
1539694722.639769 sending message 105 to peer 0xc82940 (44 bytes)
1539694722.639776 sending message 105 to peer 0xc82940 (17 bytes)
1539694722.639783 sending message 105 to peer 0xc82940 (54 bytes)
1539694722.639790 sending message 105 to peer 0xc82940 (31 bytes)
1539694722.639796 sending message 105 to peer 0xc82940 (41 bytes)
1539694722.639803 sending message 105 to peer 0xc82940 (45 bytes)
1539694722.639810 sending message 105 to peer 0xc82940 (695 bytes)
1539694722.639817 sending message 105 to peer 0xc82940 (30 bytes)
1539694722.639824 sending message 105 to peer 0xc82940 (45 bytes)
1539694722.639831 sending message 105 to peer 0xc82940 (77 bytes)
1539694722.639838 sending message 105 to peer 0xc82940 (23 bytes)
1539694722.639845 sending message 105 to peer 0xc82940 (37 bytes)
1539694722.639852 sending message 105 to peer 0xc82940 (24 bytes)
1539694722.639859 sending message 105 to peer 0xc82940 (40 bytes)
1539694722.639866 sending message 105 to peer 0xc82940 (114 bytes)
1539694722.639873 sending message 105 to peer 0xc82940 (145 bytes)
1539694722.639880 sending message 105 to peer 0xc82940 (32 bytes)
1539694722.639887 sending message 105 to peer 0xc82940 (19 bytes)
1539694722.639894 sending message 105 to peer 0xc82940 (20 bytes)
1539694722.639900 sending message 105 to peer 0xc82940 (22 bytes)
1539694722.639907 sending message 105 to peer 0xc82940 (16 bytes)
1539694722.639914 sending message 106 to peer 0xc82940 (0 bytes)
1539694722.639922 sending message 200 to peer 0xc82940 (4 bytes)
1539694722.639928 client loop enter
1539694722.640669 peer 0xc82940 message 211
1539694722.640690 client_write: sessions should be nested with care, unset $TMUX to force\n
1539694722.640713 peer 0xc82940 message 203
1539694722.640722 client loop exit
